Session started: 2024-12-24 16:29:29.423364545 +06:00


> pwd
/home/yeasar/rust-projects/keepinit



> clear
[H[2J[3J


> sudo apt update
Get:1 file:/var/cuda-repo-ubuntu2204-12-6-local  InRelease [1,572 B]
Get:1 file:/var/cuda-repo-ubuntu2204-12-6-local  InRelease [1,572 B]
Get:2 file:/var/cudnn-local-repo-ubuntu2204-9.4.0  InRelease [1,572 B]
Get:2 file:/var/cudnn-local-repo-ubuntu2204-9.4.0  InRelease [1,572 B]
Hit:3 https://brave-browser-apt-release.s3.brave.com stable InRelease
Hit:4 https://download.docker.com/linux/ubuntu jammy InRelease
Get:5 http://security.ubuntu.com/ubuntu jammy-security InRelease [129 kB]
Hit:6 https://packages.microsoft.com/repos/edge stable InRelease
Get:7 https://dl.google.com/linux/chrome/deb stable InRelease [1,825 B]
Hit:8 https://pkg.cloudflareclient.com jammy InRelease
Hit:9 https://developer.download.nvidia.com/compute/cuda/repos/ubuntu2204/x86_64  InRelease
Hit:10 http://repository.spotify.com stable InRelease
Get:11 https://dl.google.com/linux/chrome/deb stable/main amd64 Packages [1,219 B]
Hit:12 https://packages.mozilla.org/apt mozilla InRelease
Hit:13 https://ppa.launchpadcontent.net/alex-p/tesseract-ocr5/ubuntu jammy InRelease
Hit:14 https://repo.protonvpn.com/debian stable InRelease
Hit:15 https://ppa.launchpadcontent.net/qbittorrent-team/qbittorrent-stable/ubuntu jammy InRelease
Get:16 http://security.ubuntu.com/ubuntu jammy-security/main amd64 DEP-11 Metadata [43.1 kB]
Get:17 http://security.ubuntu.com/ubuntu jammy-security/restricted amd64 DEP-11 Metadata [208 B]
Get:18 http://security.ubuntu.com/ubuntu jammy-security/universe amd64 DEP-11 Metadata [125 kB]
Get:19 http://security.ubuntu.com/ubuntu jammy-security/multiverse amd64 DEP-11 Metadata [208 B]
Hit:20 http://bd.archive.ubuntu.com/ubuntu jammy InRelease
Get:21 http://bd.archive.ubuntu.com/ubuntu jammy-updates InRelease [128 kB]
Hit:22 https://ftp.postgresql.org/pub/pgadmin/pgadmin4/apt/jammy pgadmin4 InRelease
Hit:23 https://apt.postgresql.org/pub/repos/apt jammy-pgdg InRelease
Hit:24 https://download.sublimetext.com apt/stable/ InRelease
Get:25 http://bd.archive.ubuntu.com/ubuntu jammy-backports InRelease [127 kB]
Get:26 http://bd.archive.ubuntu.com/ubuntu jammy-updates/main amd64 DEP-11 Metadata [103 kB]
Get:27 http://bd.archive.ubuntu.com/ubuntu jammy-updates/restricted amd64 DEP-11 Metadata [212 B]
Get:28 http://bd.archive.ubuntu.com/ubuntu jammy-updates/universe amd64 DEP-11 Metadata [356 kB]
Get:29 http://bd.archive.ubuntu.com/ubuntu jammy-updates/multiverse amd64 DEP-11 Metadata [940 B]
Get:30 http://bd.archive.ubuntu.com/ubuntu jammy-backports/main amd64 DEP-11 Metadata [7,024 B]
Get:31 http://bd.archive.ubuntu.com/ubuntu jammy-backports/restricted amd64 DEP-11 Metadata [212 B]
Get:32 http://bd.archive.ubuntu.com/ubuntu jammy-backports/universe amd64 DEP-11 Metadata [17.7 kB]
Get:33 http://bd.archive.ubuntu.com/ubuntu jammy-backports/multiverse amd64 DEP-11 Metadata [212 B]
Fetched 1,041 kB in 4s (246 kB/s)
Reading package lists...
Building dependency tree...
Reading state information...
110 packages can be upgraded. Run 'apt list --upgradable' to see them.


WARNING: apt does not have a stable CLI interface. Use with caution in scripts.

W: Target Packages (main/binary-amd64/Packages) is configured multiple times in /etc/apt/sources.list.d/microsoft-edge-dev.list:1 and /etc/apt/sources.list.d/microsoft-edge.list:3
W: Target Packages (main/binary-all/Packages) is configured multiple times in /etc/apt/sources.list.d/microsoft-edge-dev.list:1 and /etc/apt/sources.list.d/microsoft-edge.list:3
W: Target Translations (main/i18n/Translation-en_US) is configured multiple times in /etc/apt/sources.list.d/microsoft-edge-dev.list:1 and /etc/apt/sources.list.d/microsoft-edge.list:3
W: Target Translations (main/i18n/Translation-en) is configured multiple times in /etc/apt/sources.list.d/microsoft-edge-dev.list:1 and /etc/apt/sources.list.d/microsoft-edge.list:3
W: Target DEP-11 (main/dep11/Components-amd64.yml) is configured multiple times in /etc/apt/sources.list.d/microsoft-edge-dev.list:1 and /etc/apt/sources.list.d/microsoft-edge.list:3
W: Target DEP-11 (main/dep11/Components-all.yml) is configured multiple times in /etc/apt/sources.list.d/microsoft-edge-dev.list:1 and /etc/apt/sources.list.d/microsoft-edge.list:3
W: Target DEP-11-icons-small (main/dep11/icons-48x48.tar) is configured multiple times in /etc/apt/sources.list.d/microsoft-edge-dev.list:1 and /etc/apt/sources.list.d/microsoft-edge.list:3
W: Target DEP-11-icons (main/dep11/icons-64x64.tar) is configured multiple times in /etc/apt/sources.list.d/microsoft-edge-dev.list:1 and /etc/apt/sources.list.d/microsoft-edge.list:3
W: Target DEP-11-icons-hidpi (main/dep11/icons-64x64@2.tar) is configured multiple times in /etc/apt/sources.list.d/microsoft-edge-dev.list:1 and /etc/apt/sources.list.d/microsoft-edge.list:3
W: Target CNF (main/cnf/Commands-amd64) is configured multiple times in /etc/apt/sources.list.d/microsoft-edge-dev.list:1 and /etc/apt/sources.list.d/microsoft-edge.list:3
W: Target CNF (main/cnf/Commands-all) is configured multiple times in /etc/apt/sources.list.d/microsoft-edge-dev.list:1 and /etc/apt/sources.list.d/microsoft-edge.list:3
W: Target Packages (Packages) is configured multiple times in /etc/apt/sources.list.d/archive_uri-https_developer_download_nvidia_com_compute_cuda_repos_ubuntu2204_x86_64_-jammy.list:1 and /etc/apt/sources.list.d/cuda-ubuntu2204-x86_64.list:1
W: Target Translations (en_US) is configured multiple times in /etc/apt/sources.list.d/archive_uri-https_developer_download_nvidia_com_compute_cuda_repos_ubuntu2204_x86_64_-jammy.list:1 and /etc/apt/sources.list.d/cuda-ubuntu2204-x86_64.list:1
W: Target Translations (en) is configured multiple times in /etc/apt/sources.list.d/archive_uri-https_developer_download_nvidia_com_compute_cuda_repos_ubuntu2204_x86_64_-jammy.list:1 and /etc/apt/sources.list.d/cuda-ubuntu2204-x86_64.list:1
W: Target Packages (Packages) is configured multiple times in /etc/apt/sources.list.d/archive_uri-https_developer_download_nvidia_com_compute_cuda_repos_ubuntu2204_x86_64_-jammy.list:1 and /etc/apt/sources.list.d/cuda-ubuntu2204-x86_64.list:1
W: Target Translations (en_US) is configured multiple times in /etc/apt/sources.list.d/archive_uri-https_developer_download_nvidia_com_compute_cuda_repos_ubuntu2204_x86_64_-jammy.list:1 and /etc/apt/sources.list.d/cuda-ubuntu2204-x86_64.list:1
W: Target Translations (en) is configured multiple times in /etc/apt/sources.list.d/archive_uri-https_developer_download_nvidia_com_compute_cuda_repos_ubuntu2204_x86_64_-jammy.list:1 and /etc/apt/sources.list.d/cuda-ubuntu2204-x86_64.list:1
W: Target Packages (main/binary-amd64/Packages) is configured multiple times in /etc/apt/sources.list.d/microsoft-edge-dev.list:1 and /etc/apt/sources.list.d/microsoft-edge.list:3
W: Target Packages (main/binary-all/Packages) is configured multiple times in /etc/apt/sources.list.d/microsoft-edge-dev.list:1 and /etc/apt/sources.list.d/microsoft-edge.list:3
W: Target Translations (main/i18n/Translation-en_US) is configured multiple times in /etc/apt/sources.list.d/microsoft-edge-dev.list:1 and /etc/apt/sources.list.d/microsoft-edge.list:3
W: Target Translations (main/i18n/Translation-en) is configured multiple times in /etc/apt/sources.list.d/microsoft-edge-dev.list:1 and /etc/apt/sources.list.d/microsoft-edge.list:3
W: Target DEP-11 (main/dep11/Components-amd64.yml) is configured multiple times in /etc/apt/sources.list.d/microsoft-edge-dev.list:1 and /etc/apt/sources.list.d/microsoft-edge.list:3
W: Target DEP-11 (main/dep11/Components-all.yml) is configured multiple times in /etc/apt/sources.list.d/microsoft-edge-dev.list:1 and /etc/apt/sources.list.d/microsoft-edge.list:3
W: Target DEP-11-icons-small (main/dep11/icons-48x48.tar) is configured multiple times in /etc/apt/sources.list.d/microsoft-edge-dev.list:1 and /etc/apt/sources.list.d/microsoft-edge.list:3
W: Target DEP-11-icons (main/dep11/icons-64x64.tar) is configured multiple times in /etc/apt/sources.list.d/microsoft-edge-dev.list:1 and /etc/apt/sources.list.d/microsoft-edge.list:3
W: Target DEP-11-icons-hidpi (main/dep11/icons-64x64@2.tar) is configured multiple times in /etc/apt/sources.list.d/microsoft-edge-dev.list:1 and /etc/apt/sources.list.d/microsoft-edge.list:3
W: Target CNF (main/cnf/Commands-amd64) is configured multiple times in /etc/apt/sources.list.d/microsoft-edge-dev.list:1 and /etc/apt/sources.list.d/microsoft-edge.list:3
W: Target CNF (main/cnf/Commands-all) is configured multiple times in /etc/apt/sources.list.d/microsoft-edge-dev.list:1 and /etc/apt/sources.list.d/microsoft-edge.list:3

Session started: 2024-12-24 16:32:54.149433886 +06:00

Session started: 2024-12-24 16:33:18.492876814 +06:00


> apt update
Get:1 file:/var/cuda-repo-ubuntu2204-12-6-local  InRelease [1,572 B]
Get:2 file:/var/cudnn-local-repo-ubuntu2204-9.4.0  InRelease [1,572 B]
Get:1 file:/var/cuda-repo-ubuntu2204-12-6-local  InRelease [1,572 B]
Get:2 file:/var/cudnn-local-repo-ubuntu2204-9.4.0  InRelease [1,572 B]
Hit:3 https://repo.protonvpn.com/debian stable InRelease
Hit:4 https://brave-browser-apt-release.s3.brave.com stable InRelease
Hit:5 https://download.docker.com/linux/ubuntu jammy InRelease
Hit:6 https://developer.download.nvidia.com/compute/cuda/repos/ubuntu2204/x86_64  InRelease
Hit:7 https://pkg.cloudflareclient.com jammy InRelease
Hit:8 https://dl.google.com/linux/chrome/deb stable InRelease
Hit:9 http://security.ubuntu.com/ubuntu jammy-security InRelease
Hit:10 http://bd.archive.ubuntu.com/ubuntu jammy InRelease
Hit:11 https://packages.mozilla.org/apt mozilla InRelease
Hit:12 http://bd.archive.ubuntu.com/ubuntu jammy-updates InRelease
Hit:13 https://ftp.postgresql.org/pub/pgadmin/pgadmin4/apt/jammy pgadmin4 InRelease
Hit:14 https://apt.postgresql.org/pub/repos/apt jammy-pgdg InRelease
Hit:15 https://ppa.launchpadcontent.net/alex-p/tesseract-ocr5/ubuntu jammy InRelease
Hit:16 http://bd.archive.ubuntu.com/ubuntu jammy-backports InRelease
Hit:17 https://ppa.launchpadcontent.net/qbittorrent-team/qbittorrent-stable/ubuntu jammy InRelease
Hit:18 https://download.sublimetext.com apt/stable/ InRelease
Hit:19 https://packages.microsoft.com/repos/edge stable InRelease
Hit:20 http://repository.spotify.com stable InRelease
Reading package lists...
Building dependency tree...
Reading state information...
110 packages can be upgraded. Run 'apt list --upgradable' to see them.


WARNING: apt does not have a stable CLI interface. Use with caution in scripts.

W: Target Packages (Packages) is configured multiple times in /etc/apt/sources.list.d/archive_uri-https_developer_download_nvidia_com_compute_cuda_repos_ubuntu2204_x86_64_-jammy.list:1 and /etc/apt/sources.list.d/cuda-ubuntu2204-x86_64.list:1
W: Target Translations (en_US) is configured multiple times in /etc/apt/sources.list.d/archive_uri-https_developer_download_nvidia_com_compute_cuda_repos_ubuntu2204_x86_64_-jammy.list:1 and /etc/apt/sources.list.d/cuda-ubuntu2204-x86_64.list:1
W: Target Translations (en) is configured multiple times in /etc/apt/sources.list.d/archive_uri-https_developer_download_nvidia_com_compute_cuda_repos_ubuntu2204_x86_64_-jammy.list:1 and /etc/apt/sources.list.d/cuda-ubuntu2204-x86_64.list:1
W: Target Packages (main/binary-amd64/Packages) is configured multiple times in /etc/apt/sources.list.d/microsoft-edge-dev.list:1 and /etc/apt/sources.list.d/microsoft-edge.list:3
W: Target Packages (main/binary-all/Packages) is configured multiple times in /etc/apt/sources.list.d/microsoft-edge-dev.list:1 and /etc/apt/sources.list.d/microsoft-edge.list:3
W: Target Translations (main/i18n/Translation-en_US) is configured multiple times in /etc/apt/sources.list.d/microsoft-edge-dev.list:1 and /etc/apt/sources.list.d/microsoft-edge.list:3
W: Target Translations (main/i18n/Translation-en) is configured multiple times in /etc/apt/sources.list.d/microsoft-edge-dev.list:1 and /etc/apt/sources.list.d/microsoft-edge.list:3
W: Target DEP-11 (main/dep11/Components-amd64.yml) is configured multiple times in /etc/apt/sources.list.d/microsoft-edge-dev.list:1 and /etc/apt/sources.list.d/microsoft-edge.list:3
W: Target DEP-11 (main/dep11/Components-all.yml) is configured multiple times in /etc/apt/sources.list.d/microsoft-edge-dev.list:1 and /etc/apt/sources.list.d/microsoft-edge.list:3
W: Target DEP-11-icons-small (main/dep11/icons-48x48.tar) is configured multiple times in /etc/apt/sources.list.d/microsoft-edge-dev.list:1 and /etc/apt/sources.list.d/microsoft-edge.list:3
W: Target DEP-11-icons (main/dep11/icons-64x64.tar) is configured multiple times in /etc/apt/sources.list.d/microsoft-edge-dev.list:1 and /etc/apt/sources.list.d/microsoft-edge.list:3
W: Target DEP-11-icons-hidpi (main/dep11/icons-64x64@2.tar) is configured multiple times in /etc/apt/sources.list.d/microsoft-edge-dev.list:1 and /etc/apt/sources.list.d/microsoft-edge.list:3
W: Target CNF (main/cnf/Commands-amd64) is configured multiple times in /etc/apt/sources.list.d/microsoft-edge-dev.list:1 and /etc/apt/sources.list.d/microsoft-edge.list:3
W: Target CNF (main/cnf/Commands-all) is configured multiple times in /etc/apt/sources.list.d/microsoft-edge-dev.list:1 and /etc/apt/sources.list.d/microsoft-edge.list:3
W: Target Packages (Packages) is configured multiple times in /etc/apt/sources.list.d/archive_uri-https_developer_download_nvidia_com_compute_cuda_repos_ubuntu2204_x86_64_-jammy.list:1 and /etc/apt/sources.list.d/cuda-ubuntu2204-x86_64.list:1
W: Target Translations (en_US) is configured multiple times in /etc/apt/sources.list.d/archive_uri-https_developer_download_nvidia_com_compute_cuda_repos_ubuntu2204_x86_64_-jammy.list:1 and /etc/apt/sources.list.d/cuda-ubuntu2204-x86_64.list:1
W: Target Translations (en) is configured multiple times in /etc/apt/sources.list.d/archive_uri-https_developer_download_nvidia_com_compute_cuda_repos_ubuntu2204_x86_64_-jammy.list:1 and /etc/apt/sources.list.d/cuda-ubuntu2204-x86_64.list:1
W: Target Packages (main/binary-amd64/Packages) is configured multiple times in /etc/apt/sources.list.d/microsoft-edge-dev.list:1 and /etc/apt/sources.list.d/microsoft-edge.list:3
W: Target Packages (main/binary-all/Packages) is configured multiple times in /etc/apt/sources.list.d/microsoft-edge-dev.list:1 and /etc/apt/sources.list.d/microsoft-edge.list:3
W: Target Translations (main/i18n/Translation-en_US) is configured multiple times in /etc/apt/sources.list.d/microsoft-edge-dev.list:1 and /etc/apt/sources.list.d/microsoft-edge.list:3
W: Target Translations (main/i18n/Translation-en) is configured multiple times in /etc/apt/sources.list.d/microsoft-edge-dev.list:1 and /etc/apt/sources.list.d/microsoft-edge.list:3
W: Target DEP-11 (main/dep11/Components-amd64.yml) is configured multiple times in /etc/apt/sources.list.d/microsoft-edge-dev.list:1 and /etc/apt/sources.list.d/microsoft-edge.list:3
W: Target DEP-11 (main/dep11/Components-all.yml) is configured multiple times in /etc/apt/sources.list.d/microsoft-edge-dev.list:1 and /etc/apt/sources.list.d/microsoft-edge.list:3
W: Target DEP-11-icons-small (main/dep11/icons-48x48.tar) is configured multiple times in /etc/apt/sources.list.d/microsoft-edge-dev.list:1 and /etc/apt/sources.list.d/microsoft-edge.list:3
W: Target DEP-11-icons (main/dep11/icons-64x64.tar) is configured multiple times in /etc/apt/sources.list.d/microsoft-edge-dev.list:1 and /etc/apt/sources.list.d/microsoft-edge.list:3
W: Target DEP-11-icons-hidpi (main/dep11/icons-64x64@2.tar) is configured multiple times in /etc/apt/sources.list.d/microsoft-edge-dev.list:1 and /etc/apt/sources.list.d/microsoft-edge.list:3
W: Target CNF (main/cnf/Commands-amd64) is configured multiple times in /etc/apt/sources.list.d/microsoft-edge-dev.list:1 and /etc/apt/sources.list.d/microsoft-edge.list:3
W: Target CNF (main/cnf/Commands-all) is configured multiple times in /etc/apt/sources.list.d/microsoft-edge-dev.list:1 and /etc/apt/sources.list.d/microsoft-edge.list:3

